<?xml version="1.0" encoding="UTF-8"?>
<!-- Generated by org.testng.reporters.JUnitReportReporter -->
<testsuite hostname="LAPTOP-9DUFE633" failures="0" tests="1" name="opack.ClassFive" time="0.002" errors="0" timestamp="2024-06-15T13:58:59 IST" skipped="0">
  <testcase classname="opack.ClassFive" name="testFive" time="0.002"/>
</testsuite> <!-- opack.ClassFive -->
