<?xml version="1.0" encoding="UTF-8"?>
<!-- Generated by org.testng.reporters.JUnitReportReporter -->
<testsuite hostname="LAPTOP-9DUFE633" failures="0" tests="3" name="mpack.SeleniumDemo" time="0.025" errors="0" timestamp="2024-07-13T15:07:21 IST" skipped="0">
  <testcase classname="mpack.SeleniumDemo" name="testRegistration" time="0.021"/>
  <testcase classname="mpack.SeleniumDemo" name="testSetUp" time="0.001"/>
  <testcase classname="mpack.SeleniumDemo" name="testHomepage" time="0.003"/>
</testsuite> <!-- mpack.SeleniumDemo -->
