<?xml version="1.0" encoding="UTF-8"?>
<!-- Generated by org.testng.reporters.JUnitReportReporter -->
<testsuite hostname="LAPTOP-9DUFE633" failures="0" tests="1" name="tpack.ClassTwo" time="0.004" errors="0" timestamp="2024-06-15T13:58:59 IST" skipped="0">
  <testcase classname="tpack.ClassTwo" name="testTwo" time="0.004"/>
</testsuite> <!-- tpack.ClassTwo -->
