<?xml version="1.0" encoding="UTF-8"?>
<!-- Generated by org.testng.reporters.JUnitReportReporter -->
<testsuite hostname="LAPTOP-9DUFE633" failures="0" tests="1" name="tpack.ClassThree" time="0.001" errors="0" timestamp="2024-06-15T13:58:59 IST" skipped="0">
  <testcase classname="tpack.ClassThree" name="testThree" time="0.001"/>
</testsuite> <!-- tpack.ClassThree -->
